<?xml version="1.0" encoding="UTF-8"?>
<testsuite name="task_1.variables.MathTest" tests="1" skipped="0" failures="0" errors="0" timestamp="2022-02-05T09:16:36" hostname="yauhen-HP-ProBook-640-G5" time="0.016">
  <properties/>
  <testcase name="Check sum to integer" classname="task_1.variables.MathTest" time="0.016"/>
  <system-out><![CDATA[]]></system-out>
  <system-err><![CDATA[]]></system-err>
</testsuite>
